🛠️ IBKR Superbot Debug Report - Mon Jun  2 10:37:29 UTC 2025

🧠 .env Settings:
❌ .env not found

📁 Logs Directory:
total 36K
-rw-r--r-- 1 root root    0 Jun  2 01:51 7am_email.log
-rw-r--r-- 1 root root    0 Jun  2 01:34 backtest.log
-rw-r--r-- 1 root root    0 Jun  1 21:06 backtest_report.txt
-rw-r--r-- 1 root root 1.1K Jun  2 10:35 debug_report_2025-06-02_10-35.log
-rw-r--r-- 1 root root  128 Jun  2 10:37 debug_report_2025-06-02_10-37.log
-rw-r--r-- 1 root root  159 Jun  2 01:27 feed_scraper.log
-rw-r--r-- 1 root root   21 Jun  1 23:07 full_test_2025-06-01_23-07-28.log
-rw-r--r-- 1 root root   21 Jun  1 23:09 full_test_2025-06-01_23-09-45.log
-rw-r--r-- 1 root root    0 Jun  1 23:15 full_test_2025-06-01_23-15-23.log
-rw-r--r-- 1 root root   90 Jun  1 23:30 learned_logic.txt
-rw-r--r-- 1 root root  220 Jun  1 21:17 market_activity.log
-rw-r--r-- 1 1000 uucp   35 Jun  1 21:13 news_sentiment.csv
-rw-r--r-- 1 root root    0 Jun  1 20:51 predictions_daily.txt
-rw-r--r-- 1 root root  125 Jun  1 23:30 trade_logs.json

🔍 Recent Errors:
/app/logs/debug_report_2025-06-02_10-35.log:🔍 Recent Errors:
/app/logs/debug_report_2025-06-02_10-35.log:No major errors found.
No major errors found.

📊 Running Python Processes:
root           1  0.0  0.1  12256  8648 ?        Ss   01:58   0:00 python3 -m bot.core
